*** Start analyzing build configuration ***
*** List of included argument files ***
    Build configuration file:  /home/liubin/project/rkv_labs/v2_labs/v2x_addon/spr22/AHB-RAM-32b/.dvt/default.build
*** List of invocations ***
Invocation #1 +dvt_init+dvt in /home/liubin/project/rkv_labs/v2_labs/v2x_addon/spr22/AHB-RAM-32b/.dvt/default.build at line 3
*** Done analyzing build configuration [4 ms] ***
*** Start SystemVerilog build ***
*** Loading top files ***
Loading (1) /opt/sv_pkgs/uvm/uvm_src/uvm-1.2/src/uvm_pkg.sv ...
Loading (2) /opt/sv_pkgs/uvm/uvm_src/uvm-1.2/src/uvm_macros.svh ...
Loading (3) /opt/sv_pkgs/uvm/uvm_src/uvm-1.2/src/macros/uvm_version_defines.svh ...
Done /opt/sv_pkgs/uvm/uvm_src/uvm-1.2/src/macros/uvm_version_defines.svh [53 ms, 151 lines, SystemVerilog_2012] ...
Loading (4) /opt/sv_pkgs/uvm/uvm_src/uvm-1.2/src/macros/uvm_global_defines.svh ...
Done /opt/sv_pkgs/uvm/uvm_src/uvm-1.2/src/macros/uvm_global_defines.svh [0 ms, 61 lines, SystemVerilog_2012] ...
Loading (5) /opt/sv_pkgs/uvm/uvm_src/uvm-1.2/src/macros/uvm_message_defines.svh ...
Done /opt/sv_pkgs/uvm/uvm_src/uvm-1.2/src/macros/uvm_message_defines.svh [0 ms, 539 lines, SystemVerilog_2012] ...
Loading (6) /opt/sv_pkgs/uvm/uvm_src/uvm-1.2/src/macros/uvm_phase_defines.svh ...
Done /opt/sv_pkgs/uvm/uvm_src/uvm-1.2/src/macros/uvm_phase_defines.svh [0 ms, 130 lines, SystemVerilog_2012] ...
Loading (7) /opt/sv_pkgs/uvm/uvm_src/uvm-1.2/src/macros/uvm_object_defines.svh ...
Done /opt/sv_pkgs/uvm/uvm_src/uvm-1.2/src/macros/uvm_object_defines.svh [0 ms, 3815 lines, SystemVerilog_2012] ...
Loading (8) /opt/sv_pkgs/uvm/uvm_src/uvm-1.2/src/macros/uvm_printer_defines.svh ...
Done /opt/sv_pkgs/uvm/uvm_src/uvm-1.2/src/macros/uvm_printer_defines.svh [0 ms, 423 lines, SystemVerilog_2012] ...
Loading (9) /opt/sv_pkgs/uvm/uvm_src/uvm-1.2/src/macros/uvm_tlm_defines.svh ...
Loading (10) /opt/sv_pkgs/uvm/uvm_src/uvm-1.2/src/tlm1/uvm_tlm_imps.svh ...
Done /opt/sv_pkgs/uvm/uvm_src/uvm-1.2/src/tlm1/uvm_tlm_imps.svh [0 ms, 229 lines, SystemVerilog_2012] ...
Done /opt/sv_pkgs/uvm/uvm_src/uvm-1.2/src/macros/uvm_tlm_defines.svh [0 ms, 617 lines, SystemVerilog_2012] ...
Loading (11) /opt/sv_pkgs/uvm/uvm_src/uvm-1.2/src/macros/uvm_sequence_defines.svh ...
Done /opt/sv_pkgs/uvm/uvm_src/uvm-1.2/src/macros/uvm_sequence_defines.svh [0 ms, 456 lines, SystemVerilog_2012] ...
Loading (12) /opt/sv_pkgs/uvm/uvm_src/uvm-1.2/src/macros/uvm_callback_defines.svh ...
Done /opt/sv_pkgs/uvm/uvm_src/uvm-1.2/src/macros/uvm_callback_defines.svh [0 ms, 301 lines, SystemVerilog_2012] ...
Loading (13) /opt/sv_pkgs/uvm/uvm_src/uvm-1.2/src/macros/uvm_reg_defines.svh ...
Done /opt/sv_pkgs/uvm/uvm_src/uvm-1.2/src/macros/uvm_reg_defines.svh [0 ms, 69 lines, SystemVerilog_2012] ...
Loading (14) /opt/sv_pkgs/uvm/uvm_src/uvm-1.2/src/macros/uvm_deprecated_defines.svh ...
Done /opt/sv_pkgs/uvm/uvm_src/uvm-1.2/src/macros/uvm_deprecated_defines.svh [0 ms, 252 lines, SystemVerilog_2012] ...
Done /opt/sv_pkgs/uvm/uvm_src/uvm-1.2/src/uvm_macros.svh [0 ms, 82 lines, SystemVerilog_2012] ...
Loading (15) /opt/sv_pkgs/uvm/uvm_src/uvm-1.2/src/dpi/uvm_dpi.svh ...
Loading (16) /opt/sv_pkgs/uvm/uvm_src/uvm-1.2/src/dpi/uvm_hdl.svh ...
Done /opt/sv_pkgs/uvm/uvm_src/uvm-1.2/src/dpi/uvm_hdl.svh [1 ms, 164 lines, SystemVerilog_2012] ...
Loading (17) /opt/sv_pkgs/uvm/uvm_src/uvm-1.2/src/dpi/uvm_svcmd_dpi.svh ...
Done /opt/sv_pkgs/uvm/uvm_src/uvm-1.2/src/dpi/uvm_svcmd_dpi.svh [0 ms, 66 lines, SystemVerilog_2012] ...
Loading (18) /opt/sv_pkgs/uvm/uvm_src/uvm-1.2/src/dpi/uvm_regex.svh ...
Done /opt/sv_pkgs/uvm/uvm_src/uvm-1.2/src/dpi/uvm_regex.svh [1 ms, 89 lines, SystemVerilog_2012] ...
Done /opt/sv_pkgs/uvm/uvm_src/uvm-1.2/src/dpi/uvm_dpi.svh [0 ms, 44 lines, SystemVerilog_2012] ...
Loading (19) /opt/sv_pkgs/uvm/uvm_src/uvm-1.2/src/base/uvm_base.svh ...
Loading (20) /opt/sv_pkgs/uvm/uvm_src/uvm-1.2/src/base/uvm_coreservice.svh ...
Done /opt/sv_pkgs/uvm/uvm_src/uvm-1.2/src/base/uvm_coreservice.svh [1 ms, 224 lines, SystemVerilog_2012] ...
Loading (21) /opt/sv_pkgs/uvm/uvm_src/uvm-1.2/src/base/uvm_version.svh ...
Done /opt/sv_pkgs/uvm/uvm_src/uvm-1.2/src/base/uvm_version.svh [1 ms, 39 lines, SystemVerilog_2012] ...
Loading (22) /opt/sv_pkgs/uvm/uvm_src/uvm-1.2/src/base/uvm_object_globals.svh ...
Done /opt/sv_pkgs/uvm/uvm_src/uvm-1.2/src/base/uvm_object_globals.svh [2 ms, 658 lines, SystemVerilog_2012] ...
Loading (23) /opt/sv_pkgs/uvm/uvm_src/uvm-1.2/src/base/uvm_misc.svh ...
Done /opt/sv_pkgs/uvm/uvm_src/uvm-1.2/src/base/uvm_misc.svh [60 ms, 754 lines, SystemVerilog_2012] ...
Loading (24) /opt/sv_pkgs/uvm/uvm_src/uvm-1.2/src/base/uvm_object.svh ...
Done /opt/sv_pkgs/uvm/uvm_src/uvm-1.2/src/base/uvm_object.svh [8 ms, 1331 lines, SystemVerilog_2012] ...
Loading (25) /opt/sv_pkgs/uvm/uvm_src/uvm-1.2/src/base/uvm_pool.svh ...
Done /opt/sv_pkgs/uvm/uvm_src/uvm-1.2/src/base/uvm_pool.svh [3 ms, 348 lines, SystemVerilog_2012] ...
Loading (26) /opt/sv_pkgs/uvm/uvm_src/uvm-1.2/src/base/uvm_queue.svh ...
Done /opt/sv_pkgs/uvm/uvm_src/uvm-1.2/src/base/uvm_queue.svh [1 ms, 204 lines, SystemVerilog_2012] ...
Loading (27) /opt/sv_pkgs/uvm/uvm_src/uvm-1.2/src/base/uvm_factory.svh ...
Done /opt/sv_pkgs/uvm/uvm_src/uvm-1.2/src/base/uvm_factory.svh [17 ms, 1790 lines, SystemVerilog_2012] ...
Loading (28) /opt/sv_pkgs/uvm/uvm_src/uvm-1.2/src/base/uvm_registry.svh ...
Done /opt/sv_pkgs/uvm/uvm_src/uvm-1.2/src/base/uvm_registry.svh [3 ms, 381 lines, SystemVerilog_2012] ...
Loading (29) /opt/sv_pkgs/uvm/uvm_src/uvm-1.2/src/base/uvm_spell_chkr.svh ...
Done /opt/sv_pkgs/uvm/uvm_src/uvm-1.2/src/base/uvm_spell_chkr.svh [2 ms, 204 lines, SystemVerilog_2012] ...
Loading (30) /opt/sv_pkgs/uvm/uvm_src/uvm-1.2/src/base/uvm_resource.svh ...
Done /opt/sv_pkgs/uvm/uvm_src/uvm-1.2/src/base/uvm_resource.svh [14 ms, 1695 lines, SystemVerilog_2012] ...
Loading (31) /opt/sv_pkgs/uvm/uvm_src/uvm-1.2/src/base/uvm_resource_specializations.svh ...
Done /opt/sv_pkgs/uvm/uvm_src/uvm-1.2/src/base/uvm_resource_specializations.svh [5 ms, 171 lines, SystemVerilog_2012] ...
Loading (32) /opt/sv_pkgs/uvm/uvm_src/uvm-1.2/src/base/uvm_resource_db.svh ...
Done /opt/sv_pkgs/uvm/uvm_src/uvm-1.2/src/base/uvm_resource_db.svh [4 ms, 400 lines, SystemVerilog_2012] ...
Loading (33) /opt/sv_pkgs/uvm/uvm_src/uvm-1.2/src/base/uvm_config_db.svh ...
Done /opt/sv_pkgs/uvm/uvm_src/uvm-1.2/src/base/uvm_config_db.svh [54 ms, 411 lines, SystemVerilog_2012] ...
Loading (34) /opt/sv_pkgs/uvm/uvm_src/uvm-1.2/src/base/uvm_printer.svh ...
Done /opt/sv_pkgs/uvm/uvm_src/uvm-1.2/src/base/uvm_printer.svh [11 ms, 1232 lines, SystemVerilog_2012] ...
Loading (35) /opt/sv_pkgs/uvm/uvm_src/uvm-1.2/src/base/uvm_comparer.svh ...
Done /opt/sv_pkgs/uvm/uvm_src/uvm-1.2/src/base/uvm_comparer.svh [4 ms, 423 lines, SystemVerilog_2012] ...
Loading (36) /opt/sv_pkgs/uvm/uvm_src/uvm-1.2/src/base/uvm_packer.svh ...
Done /opt/sv_pkgs/uvm/uvm_src/uvm-1.2/src/base/uvm_packer.svh [12 ms, 1038 lines, SystemVerilog_2012] ...
Loading (37) /opt/sv_pkgs/uvm/uvm_src/uvm-1.2/src/base/uvm_links.svh ...
Done /opt/sv_pkgs/uvm/uvm_src/uvm-1.2/src/base/uvm_links.svh [4 ms, 371 lines, SystemVerilog_2012] ...
Loading (38) /opt/sv_pkgs/uvm/uvm_src/uvm-1.2/src/base/uvm_tr_database.svh ...
Done /opt/sv_pkgs/uvm/uvm_src/uvm-1.2/src/base/uvm_tr_database.svh [4 ms, 433 lines, SystemVerilog_2012] ...
Loading (39) /opt/sv_pkgs/uvm/uvm_src/uvm-1.2/src/base/uvm_tr_stream.svh ...
Done /opt/sv_pkgs/uvm/uvm_src/uvm-1.2/src/base/uvm_tr_stream.svh [6 ms, 592 lines, SystemVerilog_2012] ...
Loading (40) /opt/sv_pkgs/uvm/uvm_src/uvm-1.2/src/base/uvm_recorder.svh ...
Done /opt/sv_pkgs/uvm/uvm_src/uvm-1.2/src/base/uvm_recorder.svh [9 ms, 1141 lines, SystemVerilog_2012] ...
Loading (41) /opt/sv_pkgs/uvm/uvm_src/uvm-1.2/src/base/uvm_event_callback.svh ...
Done /opt/sv_pkgs/uvm/uvm_src/uvm-1.2/src/base/uvm_event_callback.svh [1 ms, 91 lines, SystemVerilog_2012] ...
Loading (42) /opt/sv_pkgs/uvm/uvm_src/uvm-1.2/src/base/uvm_event.svh ...
Done /opt/sv_pkgs/uvm/uvm_src/uvm-1.2/src/base/uvm_event.svh [3 ms, 395 lines, SystemVerilog_2012] ...
Loading (43) /opt/sv_pkgs/uvm/uvm_src/uvm-1.2/src/base/uvm_barrier.svh ...
Done /opt/sv_pkgs/uvm/uvm_src/uvm-1.2/src/base/uvm_barrier.svh [2 ms, 210 lines, SystemVerilog_2012] ...
Loading (44) /opt/sv_pkgs/uvm/uvm_src/uvm-1.2/src/base/uvm_callback.svh ...
Loading (45) /opt/sv_pkgs/uvm/uvm_src/uvm-1.2/src/uvm_macros.svh ...
Done /opt/sv_pkgs/uvm/uvm_src/uvm-1.2/src/uvm_macros.svh [0 ms, 82 lines, SystemVerilog_2012] ...
Done /opt/sv_pkgs/uvm/uvm_src/uvm-1.2/src/base/uvm_callback.svh [65 ms, 1199 lines, SystemVerilog_2012] ...
Loading (46) /opt/sv_pkgs/uvm/uvm_src/uvm-1.2/src/base/uvm_report_message.svh ...
Done /opt/sv_pkgs/uvm/uvm_src/uvm-1.2/src/base/uvm_report_message.svh [11 ms, 940 lines, SystemVerilog_2012] ...
Loading (47) /opt/sv_pkgs/uvm/uvm_src/uvm-1.2/src/base/uvm_report_catcher.svh ...
Done /opt/sv_pkgs/uvm/uvm_src/uvm-1.2/src/base/uvm_report_catcher.svh [7 ms, 713 lines, SystemVerilog_2012] ...
Loading (48) /opt/sv_pkgs/uvm/uvm_src/uvm-1.2/src/base/uvm_report_server.svh ...
Done /opt/sv_pkgs/uvm/uvm_src/uvm-1.2/src/base/uvm_report_server.svh [9 ms, 923 lines, SystemVerilog_2012] ...
Loading (49) /opt/sv_pkgs/uvm/uvm_src/uvm-1.2/src/base/uvm_report_handler.svh ...
Done /opt/sv_pkgs/uvm/uvm_src/uvm-1.2/src/base/uvm_report_handler.svh [13 ms, 801 lines, SystemVerilog_2012] ...
Loading (50) /opt/sv_pkgs/uvm/uvm_src/uvm-1.2/src/base/uvm_report_object.svh ...
Done /opt/sv_pkgs/uvm/uvm_src/uvm-1.2/src/base/uvm_report_object.svh [4 ms, 660 lines, SystemVerilog_2012] ...
Loading (51) /opt/sv_pkgs/uvm/uvm_src/uvm-1.2/src/base/uvm_transaction.svh ...
Done /opt/sv_pkgs/uvm/uvm_src/uvm-1.2/src/base/uvm_transaction.svh [4 ms, 781 lines, SystemVerilog_2012] ...
Loading (52) /opt/sv_pkgs/uvm/uvm_src/uvm-1.2/src/base/uvm_phase.svh ...
Done /opt/sv_pkgs/uvm/uvm_src/uvm-1.2/src/base/uvm_phase.svh [81 ms, 2254 lines, SystemVerilog_2012] ...
Loading (53) /opt/sv_pkgs/uvm/uvm_src/uvm-1.2/src/base/uvm_domain.svh ...
Done /opt/sv_pkgs/uvm/uvm_src/uvm-1.2/src/base/uvm_domain.svh [4 ms, 219 lines, SystemVerilog_2012] ...
Loading (54) /opt/sv_pkgs/uvm/uvm_src/uvm-1.2/src/base/uvm_bottomup_phase.svh ...
Done /opt/sv_pkgs/uvm/uvm_src/uvm-1.2/src/base/uvm_bottomup_phase.svh [1 ms, 113 lines, SystemVerilog_2012] ...
Loading (55) /opt/sv_pkgs/uvm/uvm_src/uvm-1.2/src/base/uvm_topdown_phase.svh ...
Done /opt/sv_pkgs/uvm/uvm_src/uvm-1.2/src/base/uvm_topdown_phase.svh [2 ms, 115 lines, SystemVerilog_2012] ...
Loading (56) /opt/sv_pkgs/uvm/uvm_src/uvm-1.2/src/base/uvm_task_phase.svh ...
Done /opt/sv_pkgs/uvm/uvm_src/uvm-1.2/src/base/uvm_task_phase.svh [2 ms, 162 lines, SystemVerilog_2012] ...
Loading (57) /opt/sv_pkgs/uvm/uvm_src/uvm-1.2/src/base/uvm_common_phases.svh ...
Done /opt/sv_pkgs/uvm/uvm_src/uvm-1.2/src/base/uvm_common_phases.svh [3 ms, 452 lines, SystemVerilog_2012] ...
Loading (58) /opt/sv_pkgs/uvm/uvm_src/uvm-1.2/src/base/uvm_runtime_phases.svh ...
Done /opt/sv_pkgs/uvm/uvm_src/uvm-1.2/src/base/uvm_runtime_phases.svh [3 ms, 556 lines, SystemVerilog_2012] ...
Loading (59) /opt/sv_pkgs/uvm/uvm_src/uvm-1.2/src/base/uvm_component.svh ...
Loading (60) /opt/sv_pkgs/uvm/uvm_src/uvm-1.2/src/base/uvm_root.svh ...
Done /opt/sv_pkgs/uvm/uvm_src/uvm-1.2/src/base/uvm_root.svh [21 ms, 1073 lines, SystemVerilog_2012] ...
Done /opt/sv_pkgs/uvm/uvm_src/uvm-1.2/src/base/uvm_component.svh [28 ms, 3639 lines, SystemVerilog_2012] ...
Loading (61) /opt/sv_pkgs/uvm/uvm_src/uvm-1.2/src/base/uvm_objection.svh ...
Done /opt/sv_pkgs/uvm/uvm_src/uvm-1.2/src/base/uvm_objection.svh [68 ms, 1454 lines, SystemVerilog_2012] ...
Loading (62) /opt/sv_pkgs/uvm/uvm_src/uvm-1.2/src/base/uvm_heartbeat.svh ...
Done /opt/sv_pkgs/uvm/uvm_src/uvm-1.2/src/base/uvm_heartbeat.svh [4 ms, 342 lines, SystemVerilog_2012] ...
Loading (63) /opt/sv_pkgs/uvm/uvm_src/uvm-1.2/src/base/uvm_globals.svh ...
Done /opt/sv_pkgs/uvm/uvm_src/uvm-1.2/src/base/uvm_globals.svh [7 ms, 565 lines, SystemVerilog_2012] ...
Loading (64) /opt/sv_pkgs/uvm/uvm_src/uvm-1.2/src/base/uvm_cmdline_processor.svh ...
Done /opt/sv_pkgs/uvm/uvm_src/uvm-1.2/src/base/uvm_cmdline_processor.svh [3 ms, 462 lines, SystemVerilog_2012] ...
Loading (65) /opt/sv_pkgs/uvm/uvm_src/uvm-1.2/src/base/uvm_traversal.svh ...
Done /opt/sv_pkgs/uvm/uvm_src/uvm-1.2/src/base/uvm_traversal.svh [3 ms, 289 lines, SystemVerilog_2012] ...
Done /opt/sv_pkgs/uvm/uvm_src/uvm-1.2/src/base/uvm_base.svh [0 ms, 113 lines, SystemVerilog_2012] ...
Loading (66) /opt/sv_pkgs/uvm/uvm_src/uvm-1.2/src/dap/uvm_dap.svh ...
Loading (67) /opt/sv_pkgs/uvm/uvm_src/uvm-1.2/src/dap/uvm_set_get_dap_base.svh ...
Done /opt/sv_pkgs/uvm/uvm_src/uvm-1.2/src/dap/uvm_set_get_dap_base.svh [0 ms, 84 lines, SystemVerilog_2012] ...
Loading (68) /opt/sv_pkgs/uvm/uvm_src/uvm-1.2/src/dap/uvm_simple_lock_dap.svh ...
Done /opt/sv_pkgs/uvm/uvm_src/uvm-1.2/src/dap/uvm_simple_lock_dap.svh [2 ms, 179 lines, SystemVerilog_2012] ...
Loading (69) /opt/sv_pkgs/uvm/uvm_src/uvm-1.2/src/dap/uvm_get_to_lock_dap.svh ...
Done /opt/sv_pkgs/uvm/uvm_src/uvm-1.2/src/dap/uvm_get_to_lock_dap.svh [3 ms, 155 lines, SystemVerilog_2012] ...
Loading (70) /opt/sv_pkgs/uvm/uvm_src/uvm-1.2/src/dap/uvm_set_before_get_dap.svh ...
Done /opt/sv_pkgs/uvm/uvm_src/uvm-1.2/src/dap/uvm_set_before_get_dap.svh [2 ms, 185 lines, SystemVerilog_2012] ...
Done /opt/sv_pkgs/uvm/uvm_src/uvm-1.2/src/dap/uvm_dap.svh [0 ms, 35 lines, SystemVerilog_2012] ...
Loading (71) /opt/sv_pkgs/uvm/uvm_src/uvm-1.2/src/tlm1/uvm_tlm.svh ...
Loading (72) /opt/sv_pkgs/uvm/uvm_src/uvm-1.2/src/tlm1/uvm_tlm_ifs.svh ...
Done /opt/sv_pkgs/uvm/uvm_src/uvm-1.2/src/tlm1/uvm_tlm_ifs.svh [1 ms, 219 lines, SystemVerilog_2012] ...
Loading (73) /opt/sv_pkgs/uvm/uvm_src/uvm-1.2/src/tlm1/uvm_sqr_ifs.svh ...
Done /opt/sv_pkgs/uvm/uvm_src/uvm-1.2/src/tlm1/uvm_sqr_ifs.svh [1 ms, 253 lines, SystemVerilog_2012] ...
Loading (74) /opt/sv_pkgs/uvm/uvm_src/uvm-1.2/src/base/uvm_port_base.svh ...
Done /opt/sv_pkgs/uvm/uvm_src/uvm-1.2/src/base/uvm_port_base.svh [8 ms, 793 lines, SystemVerilog_2012] ...
Loading (75) /opt/sv_pkgs/uvm/uvm_src/uvm-1.2/src/tlm1/uvm_tlm_imps.svh ...
Done /opt/sv_pkgs/uvm/uvm_src/uvm-1.2/src/tlm1/uvm_tlm_imps.svh [0 ms, 229 lines, SystemVerilog_2012] ...
Loading (76) /opt/sv_pkgs/uvm/uvm_src/uvm-1.2/src/tlm1/uvm_imps.svh ...
Done /opt/sv_pkgs/uvm/uvm_src/uvm-1.2/src/tlm1/uvm_imps.svh [10 ms, 317 lines, SystemVerilog_2012] ...
Loading (77) /opt/sv_pkgs/uvm/uvm_src/uvm-1.2/src/tlm1/uvm_ports.svh ...
Done /opt/sv_pkgs/uvm/uvm_src/uvm-1.2/src/tlm1/uvm_ports.svh [61 ms, 263 lines, SystemVerilog_2012] ...
Loading (78) /opt/sv_pkgs/uvm/uvm_src/uvm-1.2/src/tlm1/uvm_exports.svh ...
Done /opt/sv_pkgs/uvm/uvm_src/uvm-1.2/src/tlm1/uvm_exports.svh [11 ms, 260 lines, SystemVerilog_2012] ...
Loading (79) /opt/sv_pkgs/uvm/uvm_src/uvm-1.2/src/tlm1/uvm_analysis_port.svh ...
Done /opt/sv_pkgs/uvm/uvm_src/uvm-1.2/src/tlm1/uvm_analysis_port.svh [2 ms, 156 lines, SystemVerilog_2012] ...
Loading (80) /opt/sv_pkgs/uvm/uvm_src/uvm-1.2/src/tlm1/uvm_tlm_fifo_base.svh ...
Done /opt/sv_pkgs/uvm/uvm_src/uvm-1.2/src/tlm1/uvm_tlm_fifo_base.svh [2 ms, 253 lines, SystemVerilog_2012] ...
Loading (81) /opt/sv_pkgs/uvm/uvm_src/uvm-1.2/src/tlm1/uvm_tlm_fifos.svh ...
Done /opt/sv_pkgs/uvm/uvm_src/uvm-1.2/src/tlm1/uvm_tlm_fifos.svh [2 ms, 239 lines, SystemVerilog_2012] ...
Loading (82) /opt/sv_pkgs/uvm/uvm_src/uvm-1.2/src/tlm1/uvm_tlm_req_rsp.svh ...
Done /opt/sv_pkgs/uvm/uvm_src/uvm-1.2/src/tlm1/uvm_tlm_req_rsp.svh [3 ms, 349 lines, SystemVerilog_2012] ...
Loading (83) /opt/sv_pkgs/uvm/uvm_src/uvm-1.2/src/tlm1/uvm_sqr_connections.svh ...
Done /opt/sv_pkgs/uvm/uvm_src/uvm-1.2/src/tlm1/uvm_sqr_connections.svh [2 ms, 84 lines, SystemVerilog_2012] ...
Done /opt/sv_pkgs/uvm/uvm_src/uvm-1.2/src/tlm1/uvm_tlm.svh [0 ms, 40 lines, SystemVerilog_2012] ...
Loading (84) /opt/sv_pkgs/uvm/uvm_src/uvm-1.2/src/comps/uvm_comps.svh ...
Loading (85) /opt/sv_pkgs/uvm/uvm_src/uvm-1.2/src/comps/uvm_pair.svh ...
Done /opt/sv_pkgs/uvm/uvm_src/uvm-1.2/src/comps/uvm_pair.svh [4 ms, 171 lines, SystemVerilog_2012] ...
Loading (86) /opt/sv_pkgs/uvm/uvm_src/uvm-1.2/src/comps/uvm_policies.svh ...
Done /opt/sv_pkgs/uvm/uvm_src/uvm-1.2/src/comps/uvm_policies.svh [0 ms, 142 lines, SystemVerilog_2012] ...
Loading (87) /opt/sv_pkgs/uvm/uvm_src/uvm-1.2/src/comps/uvm_in_order_comparator.svh ...
Done /opt/sv_pkgs/uvm/uvm_src/uvm-1.2/src/comps/uvm_in_order_comparator.svh [3 ms, 260 lines, SystemVerilog_2012] ...
Loading (88) /opt/sv_pkgs/uvm/uvm_src/uvm-1.2/src/comps/uvm_algorithmic_comparator.svh ...
Done /opt/sv_pkgs/uvm/uvm_src/uvm-1.2/src/comps/uvm_algorithmic_comparator.svh [1 ms, 135 lines, SystemVerilog_2012] ...
Loading (89) /opt/sv_pkgs/uvm/uvm_src/uvm-1.2/src/comps/uvm_random_stimulus.svh ...
Done /opt/sv_pkgs/uvm/uvm_src/uvm-1.2/src/comps/uvm_random_stimulus.svh [0 ms, 132 lines, SystemVerilog_2012] ...
Loading (90) /opt/sv_pkgs/uvm/uvm_src/uvm-1.2/src/comps/uvm_subscriber.svh ...
Done /opt/sv_pkgs/uvm/uvm_src/uvm-1.2/src/comps/uvm_subscriber.svh [1 ms, 68 lines, SystemVerilog_2012] ...
Loading (91) /opt/sv_pkgs/uvm/uvm_src/uvm-1.2/src/comps/uvm_monitor.svh ...
Done /opt/sv_pkgs/uvm/uvm_src/uvm-1.2/src/comps/uvm_monitor.svh [0 ms, 54 lines, SystemVerilog_2012] ...
Loading (92) /opt/sv_pkgs/uvm/uvm_src/uvm-1.2/src/comps/uvm_driver.svh ...
Done /opt/sv_pkgs/uvm/uvm_src/uvm-1.2/src/comps/uvm_driver.svh [0 ms, 89 lines, SystemVerilog_2012] ...
Loading (93) /opt/sv_pkgs/uvm/uvm_src/uvm-1.2/src/comps/uvm_push_driver.svh ...
Done /opt/sv_pkgs/uvm/uvm_src/uvm-1.2/src/comps/uvm_push_driver.svh [1 ms, 97 lines, SystemVerilog_2012] ...
Loading (94) /opt/sv_pkgs/uvm/uvm_src/uvm-1.2/src/comps/uvm_scoreboard.svh ...
Done /opt/sv_pkgs/uvm/uvm_src/uvm-1.2/src/comps/uvm_scoreboard.svh [0 ms, 56 lines, SystemVerilog_2012] ...
Loading (95) /opt/sv_pkgs/uvm/uvm_src/uvm-1.2/src/comps/uvm_agent.svh ...
Done /opt/sv_pkgs/uvm/uvm_src/uvm-1.2/src/comps/uvm_agent.svh [2 ms, 136 lines, SystemVerilog_2012] ...
Loading (96) /opt/sv_pkgs/uvm/uvm_src/uvm-1.2/src/comps/uvm_env.svh ...
Done /opt/sv_pkgs/uvm/uvm_src/uvm-1.2/src/comps/uvm_env.svh [0 ms, 54 lines, SystemVerilog_2012] ...
Loading (97) /opt/sv_pkgs/uvm/uvm_src/uvm-1.2/src/comps/uvm_test.svh ...
Done /opt/sv_pkgs/uvm/uvm_src/uvm-1.2/src/comps/uvm_test.svh [0 ms, 82 lines, SystemVerilog_2012] ...
Done /opt/sv_pkgs/uvm/uvm_src/uvm-1.2/src/comps/uvm_comps.svh [0 ms, 37 lines, SystemVerilog_2012] ...
Loading (98) /opt/sv_pkgs/uvm/uvm_src/uvm-1.2/src/seq/uvm_seq.svh ...
Loading (99) /opt/sv_pkgs/uvm/uvm_src/uvm-1.2/src/seq/uvm_sequence_item.svh ...
Done /opt/sv_pkgs/uvm/uvm_src/uvm-1.2/src/seq/uvm_sequence_item.svh [4 ms, 498 lines, SystemVerilog_2012] ...
Loading (100) /opt/sv_pkgs/uvm/uvm_src/uvm-1.2/src/seq/uvm_sequencer_base.svh ...
Done /opt/sv_pkgs/uvm/uvm_src/uvm-1.2/src/seq/uvm_sequencer_base.svh [72 ms, 1775 lines, SystemVerilog_2012] ...
Loading (101) /opt/sv_pkgs/uvm/uvm_src/uvm-1.2/src/seq/uvm_sequencer_analysis_fifo.svh ...
Done /opt/sv_pkgs/uvm/uvm_src/uvm-1.2/src/seq/uvm_sequencer_analysis_fifo.svh [0 ms, 39 lines, SystemVerilog_2012] ...
Loading (102) /opt/sv_pkgs/uvm/uvm_src/uvm-1.2/src/seq/uvm_sequencer_param_base.svh ...
Done /opt/sv_pkgs/uvm/uvm_src/uvm-1.2/src/seq/uvm_sequencer_param_base.svh [5 ms, 460 lines, SystemVerilog_2012] ...
Loading (103) /opt/sv_pkgs/uvm/uvm_src/uvm-1.2/src/seq/uvm_sequencer.svh ...
Done /opt/sv_pkgs/uvm/uvm_src/uvm-1.2/src/seq/uvm_sequencer.svh [2 ms, 347 lines, SystemVerilog_2012] ...
Loading (104) /opt/sv_pkgs/uvm/uvm_src/uvm-1.2/src/seq/uvm_push_sequencer.svh ...
Done /opt/sv_pkgs/uvm/uvm_src/uvm-1.2/src/seq/uvm_push_sequencer.svh [1 ms, 85 lines, SystemVerilog_2012] ...
Loading (105) /opt/sv_pkgs/uvm/uvm_src/uvm-1.2/src/seq/uvm_sequence_base.svh ...
Done /opt/sv_pkgs/uvm/uvm_src/uvm-1.2/src/seq/uvm_sequence_base.svh [12 ms, 1405 lines, SystemVerilog_2012] ...
Loading (106) /opt/sv_pkgs/uvm/uvm_src/uvm-1.2/src/seq/uvm_sequence.svh ...
Done /opt/sv_pkgs/uvm/uvm_src/uvm-1.2/src/seq/uvm_sequence.svh [1 ms, 148 lines, SystemVerilog_2012] ...
Loading (107) /opt/sv_pkgs/uvm/uvm_src/uvm-1.2/src/seq/uvm_sequence_library.svh ...
Done /opt/sv_pkgs/uvm/uvm_src/uvm-1.2/src/seq/uvm_sequence_library.svh [12 ms, 813 lines, SystemVerilog_2012] ...
Loading (108) /opt/sv_pkgs/uvm/uvm_src/uvm-1.2/src/seq/uvm_sequence_builtin.svh ...
Done /opt/sv_pkgs/uvm/uvm_src/uvm-1.2/src/seq/uvm_sequence_builtin.svh [4 ms, 301 lines, SystemVerilog_2012] ...
Done /opt/sv_pkgs/uvm/uvm_src/uvm-1.2/src/seq/uvm_seq.svh [1 ms, 40 lines, SystemVerilog_2012] ...
Loading (109) /opt/sv_pkgs/uvm/uvm_src/uvm-1.2/src/tlm2/uvm_tlm2.svh ...
Loading (110) /opt/sv_pkgs/uvm/uvm_src/uvm-1.2/src/tlm2/uvm_tlm2_defines.svh ...
Done /opt/sv_pkgs/uvm/uvm_src/uvm-1.2/src/tlm2/uvm_tlm2_defines.svh [0 ms, 45 lines, SystemVerilog_2012] ...
Loading (111) /opt/sv_pkgs/uvm/uvm_src/uvm-1.2/src/tlm2/uvm_tlm2_time.svh ...
Done /opt/sv_pkgs/uvm/uvm_src/uvm-1.2/src/tlm2/uvm_tlm2_time.svh [1 ms, 333 lines, SystemVerilog_2012] ...
Loading (112) /opt/sv_pkgs/uvm/uvm_src/uvm-1.2/src/tlm2/uvm_tlm2_generic_payload.svh ...
Done /opt/sv_pkgs/uvm/uvm_src/uvm-1.2/src/tlm2/uvm_tlm2_generic_payload.svh [15 ms, 1053 lines, SystemVerilog_2012] ...
Loading (113) /opt/sv_pkgs/uvm/uvm_src/uvm-1.2/src/tlm2/uvm_tlm2_ifs.svh ...
Done /opt/sv_pkgs/uvm/uvm_src/uvm-1.2/src/tlm2/uvm_tlm2_ifs.svh [0 ms, 178 lines, SystemVerilog_2012] ...
Loading (114) /opt/sv_pkgs/uvm/uvm_src/uvm-1.2/src/tlm2/uvm_tlm2_imps.svh ...
Done /opt/sv_pkgs/uvm/uvm_src/uvm-1.2/src/tlm2/uvm_tlm2_imps.svh [52 ms, 203 lines, SystemVerilog_2012] ...
Loading (115) /opt/sv_pkgs/uvm/uvm_src/uvm-1.2/src/tlm2/uvm_tlm2_ports.svh ...
Done /opt/sv_pkgs/uvm/uvm_src/uvm-1.2/src/tlm2/uvm_tlm2_ports.svh [3 ms, 75 lines, SystemVerilog_2012] ...
Loading (116) /opt/sv_pkgs/uvm/uvm_src/uvm-1.2/src/tlm2/uvm_tlm2_exports.svh ...
Done /opt/sv_pkgs/uvm/uvm_src/uvm-1.2/src/tlm2/uvm_tlm2_exports.svh [2 ms, 65 lines, SystemVerilog_2012] ...
Loading (117) /opt/sv_pkgs/uvm/uvm_src/uvm-1.2/src/tlm2/uvm_tlm2_sockets_base.svh ...
Done /opt/sv_pkgs/uvm/uvm_src/uvm-1.2/src/tlm2/uvm_tlm2_sockets_base.svh [5 ms, 195 lines, SystemVerilog_2012] ...
Loading (118) /opt/sv_pkgs/uvm/uvm_src/uvm-1.2/src/tlm2/uvm_tlm2_sockets.svh ...
Done /opt/sv_pkgs/uvm/uvm_src/uvm-1.2/src/tlm2/uvm_tlm2_sockets.svh [8 ms, 435 lines, SystemVerilog_2012] ...
Done /opt/sv_pkgs/uvm/uvm_src/uvm-1.2/src/tlm2/uvm_tlm2.svh [0 ms, 30 lines, SystemVerilog_2012] ...
Loading (119) /opt/sv_pkgs/uvm/uvm_src/uvm-1.2/src/reg/uvm_reg_model.svh ...
Loading (120) /opt/sv_pkgs/uvm/uvm_src/uvm-1.2/src/reg/uvm_reg_item.svh ...
Done /opt/sv_pkgs/uvm/uvm_src/uvm-1.2/src/reg/uvm_reg_item.svh [5 ms, 316 lines, SystemVerilog_2012] ...
Loading (121) /opt/sv_pkgs/uvm/uvm_src/uvm-1.2/src/reg/uvm_reg_adapter.svh ...
Done /opt/sv_pkgs/uvm/uvm_src/uvm-1.2/src/reg/uvm_reg_adapter.svh [2 ms, 254 lines, SystemVerilog_2012] ...
Loading (122) /opt/sv_pkgs/uvm/uvm_src/uvm-1.2/src/reg/uvm_reg_predictor.svh ...
Done /opt/sv_pkgs/uvm/uvm_src/uvm-1.2/src/reg/uvm_reg_predictor.svh [4 ms, 265 lines, SystemVerilog_2012] ...
Loading (123) /opt/sv_pkgs/uvm/uvm_src/uvm-1.2/src/reg/uvm_reg_sequence.svh ...
Done /opt/sv_pkgs/uvm/uvm_src/uvm-1.2/src/reg/uvm_reg_sequence.svh [7 ms, 548 lines, SystemVerilog_2012] ...
Loading (124) /opt/sv_pkgs/uvm/uvm_src/uvm-1.2/src/reg/uvm_reg_cbs.svh ...
Done /opt/sv_pkgs/uvm/uvm_src/uvm-1.2/src/reg/uvm_reg_cbs.svh [5 ms, 530 lines, SystemVerilog_2012] ...
Loading (125) /opt/sv_pkgs/uvm/uvm_src/uvm-1.2/src/reg/uvm_reg_backdoor.svh ...
Done /opt/sv_pkgs/uvm/uvm_src/uvm-1.2/src/reg/uvm_reg_backdoor.svh [5 ms, 348 lines, SystemVerilog_2012] ...
Loading (126) /opt/sv_pkgs/uvm/uvm_src/uvm-1.2/src/reg/uvm_reg_field.svh ...
Done /opt/sv_pkgs/uvm/uvm_src/uvm-1.2/src/reg/uvm_reg_field.svh [73 ms, 2013 lines, SystemVerilog_2012] ...
Loading (127) /opt/sv_pkgs/uvm/uvm_src/uvm-1.2/src/reg/uvm_vreg_field.svh ...
Done /opt/sv_pkgs/uvm/uvm_src/uvm-1.2/src/reg/uvm_vreg_field.svh [14 ms, 1005 lines, SystemVerilog_2012] ...
Loading (128) /opt/sv_pkgs/uvm/uvm_src/uvm-1.2/src/reg/uvm_reg.svh ...
Done /opt/sv_pkgs/uvm/uvm_src/uvm-1.2/src/reg/uvm_reg.svh [36 ms, 3102 lines, SystemVerilog_2012] ...
Loading (129) /opt/sv_pkgs/uvm/uvm_src/uvm-1.2/src/reg/uvm_reg_indirect.svh ...
Done /opt/sv_pkgs/uvm/uvm_src/uvm-1.2/src/reg/uvm_reg_indirect.svh [6 ms, 330 lines, SystemVerilog_2012] ...
Loading (130) /opt/sv_pkgs/uvm/uvm_src/uvm-1.2/src/reg/uvm_reg_fifo.svh ...
Done /opt/sv_pkgs/uvm/uvm_src/uvm-1.2/src/reg/uvm_reg_fifo.svh [2 ms, 311 lines, SystemVerilog_2012] ...
Loading (131) /opt/sv_pkgs/uvm/uvm_src/uvm-1.2/src/reg/uvm_reg_file.svh ...
Done /opt/sv_pkgs/uvm/uvm_src/uvm-1.2/src/reg/uvm_reg_file.svh [5 ms, 501 lines, SystemVerilog_2012] ...
Loading (132) /opt/sv_pkgs/uvm/uvm_src/uvm-1.2/src/reg/uvm_mem_mam.svh ...
Done /opt/sv_pkgs/uvm/uvm_src/uvm-1.2/src/reg/uvm_mem_mam.svh [62 ms, 1019 lines, SystemVerilog_2012] ...
Loading (133) /opt/sv_pkgs/uvm/uvm_src/uvm-1.2/src/reg/uvm_vreg.svh ...
Done /opt/sv_pkgs/uvm/uvm_src/uvm-1.2/src/reg/uvm_vreg.svh [22 ms, 1554 lines, SystemVerilog_2012] ...
Loading (134) /opt/sv_pkgs/uvm/uvm_src/uvm-1.2/src/reg/uvm_mem.svh ...
Done /opt/sv_pkgs/uvm/uvm_src/uvm-1.2/src/reg/uvm_mem.svh [28 ms, 2410 lines, SystemVerilog_2012] ...
Loading (135) /opt/sv_pkgs/uvm/uvm_src/uvm-1.2/src/reg/uvm_reg_map.svh ...
Done /opt/sv_pkgs/uvm/uvm_src/uvm-1.2/src/reg/uvm_reg_map.svh [84 ms, 2225 lines, SystemVerilog_2012] ...
Loading (136) /opt/sv_pkgs/uvm/uvm_src/uvm-1.2/src/reg/uvm_reg_block.svh ...
Done /opt/sv_pkgs/uvm/uvm_src/uvm-1.2/src/reg/uvm_reg_block.svh [25 ms, 2272 lines, SystemVerilog_2012] ...
Loading (137) /opt/sv_pkgs/uvm/uvm_src/uvm-1.2/src/reg/sequences/uvm_reg_hw_reset_seq.svh ...
Done /opt/sv_pkgs/uvm/uvm_src/uvm-1.2/src/reg/sequences/uvm_reg_hw_reset_seq.svh [3 ms, 172 lines, SystemVerilog_2012] ...
Loading (138) /opt/sv_pkgs/uvm/uvm_src/uvm-1.2/src/reg/sequences/uvm_reg_bit_bash_seq.svh ...
Done /opt/sv_pkgs/uvm/uvm_src/uvm-1.2/src/reg/sequences/uvm_reg_bit_bash_seq.svh [6 ms, 303 lines, SystemVerilog_2012] ...
Loading (139) /opt/sv_pkgs/uvm/uvm_src/uvm-1.2/src/reg/sequences/uvm_mem_walk_seq.svh ...
Done /opt/sv_pkgs/uvm/uvm_src/uvm-1.2/src/reg/sequences/uvm_mem_walk_seq.svh [5 ms, 300 lines, SystemVerilog_2012] ...
Loading (140) /opt/sv_pkgs/uvm/uvm_src/uvm-1.2/src/reg/sequences/uvm_mem_access_seq.svh ...
Done /opt/sv_pkgs/uvm/uvm_src/uvm-1.2/src/reg/sequences/uvm_mem_access_seq.svh [57 ms, 308 lines, SystemVerilog_2012] ...
Loading (141) /opt/sv_pkgs/uvm/uvm_src/uvm-1.2/src/reg/sequences/uvm_reg_access_seq.svh ...
Done /opt/sv_pkgs/uvm/uvm_src/uvm-1.2/src/reg/sequences/uvm_reg_access_seq.svh [8 ms, 366 lines, SystemVerilog_2012] ...
Loading (142) /opt/sv_pkgs/uvm/uvm_src/uvm-1.2/src/reg/sequences/uvm_reg_mem_shared_access_seq.svh ...
Done /opt/sv_pkgs/uvm/uvm_src/uvm-1.2/src/reg/sequences/uvm_reg_mem_shared_access_seq.svh [10 ms, 486 lines, SystemVerilog_2012] ...
Loading (143) /opt/sv_pkgs/uvm/uvm_src/uvm-1.2/src/reg/sequences/uvm_reg_mem_built_in_seq.svh ...
Done /opt/sv_pkgs/uvm/uvm_src/uvm-1.2/src/reg/sequences/uvm_reg_mem_built_in_seq.svh [4 ms, 139 lines, SystemVerilog_2012] ...
Loading (144) /opt/sv_pkgs/uvm/uvm_src/uvm-1.2/src/reg/sequences/uvm_reg_mem_hdl_paths_seq.svh ...
Done /opt/sv_pkgs/uvm/uvm_src/uvm-1.2/src/reg/sequences/uvm_reg_mem_hdl_paths_seq.svh [7 ms, 175 lines, SystemVerilog_2012] ...
Done /opt/sv_pkgs/uvm/uvm_src/uvm-1.2/src/reg/uvm_reg_model.svh [0 ms, 444 lines, SystemVerilog_2012] ...
Done /opt/sv_pkgs/uvm/uvm_src/uvm-1.2/src/uvm_pkg.sv [0 ms, 43 lines, SystemVerilog_2012] ...
Loading (145) /home/liubin/project/rkv_labs/v2_labs/v2x_addon/spr22/AHB-RAM-32b/verilog/ahb_blockram_32.v ...
Done /home/liubin/project/rkv_labs/v2_labs/v2x_addon/spr22/AHB-RAM-32b/verilog/ahb_blockram_32.v [3 ms, 165 lines, Verilog_2001] ...
Loading (146) /home/liubin/project/rkv_labs/v2_labs/v2x_addon/spr22/AHB-RAM-32b/uvm/vip_lib/lvc_ahb/lvc_ahb_pkg.sv ...
Skip (optimized) /opt/sv_pkgs/uvm/uvm_src/uvm-1.2/src/uvm_macros.svh ...
Loading (147) /home/liubin/project/rkv_labs/v2_labs/v2x_addon/spr22/AHB-RAM-32b/uvm/vip_lib/lvc_ahb/lvc_ahb_defines.svh ...
Done /home/liubin/project/rkv_labs/v2_labs/v2x_addon/spr22/AHB-RAM-32b/uvm/vip_lib/lvc_ahb/lvc_ahb_defines.svh [0 ms, 13 lines, SystemVerilog_2012] ...
Loading (148) /home/liubin/project/rkv_labs/v2_labs/v2x_addon/spr22/AHB-RAM-32b/uvm/vip_lib/lvc_ahb/lvc_ahb_types.sv ...
Done /home/liubin/project/rkv_labs/v2_labs/v2x_addon/spr22/AHB-RAM-32b/uvm/vip_lib/lvc_ahb/lvc_ahb_types.sv [1 ms, 67 lines, SystemVerilog_2012] ...
Loading (149) /home/liubin/project/rkv_labs/v2_labs/v2x_addon/spr22/AHB-RAM-32b/uvm/vip_lib/lvc_ahb/lvc_ahb_configuration.sv ...
Done /home/liubin/project/rkv_labs/v2_labs/v2x_addon/spr22/AHB-RAM-32b/uvm/vip_lib/lvc_ahb/lvc_ahb_configuration.sv [1 ms, 18 lines, SystemVerilog_2012] ...
Loading (150) /home/liubin/project/rkv_labs/v2_labs/v2x_addon/spr22/AHB-RAM-32b/uvm/vip_lib/lvc_ahb/lvc_ahb_agent_configuration.sv ...
Done /home/liubin/project/rkv_labs/v2_labs/v2x_addon/spr22/AHB-RAM-32b/uvm/vip_lib/lvc_ahb/lvc_ahb_agent_configuration.sv [1 ms, 21 lines, SystemVerilog_2012] ...
Loading (151) /home/liubin/project/rkv_labs/v2_labs/v2x_addon/spr22/AHB-RAM-32b/uvm/vip_lib/lvc_ahb/lvc_ahb_transaction.sv ...
Done /home/liubin/project/rkv_labs/v2_labs/v2x_addon/spr22/AHB-RAM-32b/uvm/vip_lib/lvc_ahb/lvc_ahb_transaction.sv [1 ms, 52 lines, SystemVerilog_2012] ...
Loading (152) /home/liubin/project/rkv_labs/v2_labs/v2x_addon/spr22/AHB-RAM-32b/uvm/vip_lib/lvc_ahb/lvc_ahb_sequencer.sv ...
Done /home/liubin/project/rkv_labs/v2_labs/v2x_addon/spr22/AHB-RAM-32b/uvm/vip_lib/lvc_ahb/lvc_ahb_sequencer.sv [0 ms, 28 lines, SystemVerilog_2012] ...
Loading (153) /home/liubin/project/rkv_labs/v2_labs/v2x_addon/spr22/AHB-RAM-32b/uvm/vip_lib/lvc_ahb/lvc_ahb_driver.sv ...
Done /home/liubin/project/rkv_labs/v2_labs/v2x_addon/spr22/AHB-RAM-32b/uvm/vip_lib/lvc_ahb/lvc_ahb_driver.sv [2 ms, 53 lines, SystemVerilog_2012] ...
Loading (154) /home/liubin/project/rkv_labs/v2_labs/v2x_addon/spr22/AHB-RAM-32b/uvm/vip_lib/lvc_ahb/lvc_ahb_monitor.sv ...
Done /home/liubin/project/rkv_labs/v2_labs/v2x_addon/spr22/AHB-RAM-32b/uvm/vip_lib/lvc_ahb/lvc_ahb_monitor.sv [0 ms, 32 lines, SystemVerilog_2012] ...
Loading (155) /home/liubin/project/rkv_labs/v2_labs/v2x_addon/spr22/AHB-RAM-32b/uvm/vip_lib/lvc_ahb/lvc_ahb_master_transaction.sv ...
Done /home/liubin/project/rkv_labs/v2_labs/v2x_addon/spr22/AHB-RAM-32b/uvm/vip_lib/lvc_ahb/lvc_ahb_master_transaction.sv [1 ms, 18 lines, SystemVerilog_2012] ...
Loading (156) /home/liubin/project/rkv_labs/v2_labs/v2x_addon/spr22/AHB-RAM-32b/uvm/vip_lib/lvc_ahb/lvc_ahb_master_driver.sv ...
Done /home/liubin/project/rkv_labs/v2_labs/v2x_addon/spr22/AHB-RAM-32b/uvm/vip_lib/lvc_ahb/lvc_ahb_master_driver.sv [4 ms, 158 lines, SystemVerilog_2012] ...
Loading (157) /home/liubin/project/rkv_labs/v2_labs/v2x_addon/spr22/AHB-RAM-32b/uvm/vip_lib/lvc_ahb/lvc_ahb_master_monitor.sv ...
Done /home/liubin/project/rkv_labs/v2_labs/v2x_addon/spr22/AHB-RAM-32b/uvm/vip_lib/lvc_ahb/lvc_ahb_master_monitor.sv [1 ms, 32 lines, SystemVerilog_2012] ...
Loading (158) /home/liubin/project/rkv_labs/v2_labs/v2x_addon/spr22/AHB-RAM-32b/uvm/vip_lib/lvc_ahb/lvc_ahb_master_sequencer.sv ...
Done /home/liubin/project/rkv_labs/v2_labs/v2x_addon/spr22/AHB-RAM-32b/uvm/vip_lib/lvc_ahb/lvc_ahb_master_sequencer.sv [0 ms, 31 lines, SystemVerilog_2012] ...
Loading (159) /home/liubin/project/rkv_labs/v2_labs/v2x_addon/spr22/AHB-RAM-32b/uvm/vip_lib/lvc_ahb/lvc_ahb_master_agent.sv ...
Done /home/liubin/project/rkv_labs/v2_labs/v2x_addon/spr22/AHB-RAM-32b/uvm/vip_lib/lvc_ahb/lvc_ahb_master_agent.sv [2 ms, 59 lines, SystemVerilog_2012] ...
Loading (160) /home/liubin/project/rkv_labs/v2_labs/v2x_addon/spr22/AHB-RAM-32b/uvm/vip_lib/lvc_ahb/sequence_lib/lvc_ahb_sequence_lib.svh ...
Loading (161) /home/liubin/project/rkv_labs/v2_labs/v2x_addon/spr22/AHB-RAM-32b/uvm/vip_lib/lvc_ahb/sequence_lib/lvc_ahb_base_sequence.sv ...
Done /home/liubin/project/rkv_labs/v2_labs/v2x_addon/spr22/AHB-RAM-32b/uvm/vip_lib/lvc_ahb/sequence_lib/lvc_ahb_base_sequence.sv [1 ms, 16 lines, SystemVerilog_2012] ...
Loading (162) /home/liubin/project/rkv_labs/v2_labs/v2x_addon/spr22/AHB-RAM-32b/uvm/vip_lib/lvc_ahb/sequence_lib/lvc_ahb_master_single_trans.sv ...
Done /home/liubin/project/rkv_labs/v2_labs/v2x_addon/spr22/AHB-RAM-32b/uvm/vip_lib/lvc_ahb/sequence_lib/lvc_ahb_master_single_trans.sv [0 ms, 40 lines, SystemVerilog_2012] ...
Done /home/liubin/project/rkv_labs/v2_labs/v2x_addon/spr22/AHB-RAM-32b/uvm/vip_lib/lvc_ahb/sequence_lib/lvc_ahb_sequence_lib.svh [0 ms, 9 lines, SystemVerilog_2012] ...
Done /home/liubin/project/rkv_labs/v2_labs/v2x_addon/spr22/AHB-RAM-32b/uvm/vip_lib/lvc_ahb/lvc_ahb_pkg.sv [0 ms, 28 lines, SystemVerilog_2012] ...
Loading (163) /home/liubin/project/rkv_labs/v2_labs/v2x_addon/spr22/AHB-RAM-32b/uvm/vip_lib/lvc_ahb/lvc_ahb_if.sv ...
Loading (164) /home/liubin/project/rkv_labs/v2_labs/v2x_addon/spr22/AHB-RAM-32b/uvm/vip_lib/lvc_ahb/lvc_ahb_defines.svh ...
Done /home/liubin/project/rkv_labs/v2_labs/v2x_addon/spr22/AHB-RAM-32b/uvm/vip_lib/lvc_ahb/lvc_ahb_defines.svh [0 ms, 13 lines, SystemVerilog_2012] ...
Done /home/liubin/project/rkv_labs/v2_labs/v2x_addon/spr22/AHB-RAM-32b/uvm/vip_lib/lvc_ahb/lvc_ahb_if.sv [2 ms, 67 lines, SystemVerilog_2012] ...
Loading (165) /home/liubin/project/rkv_labs/v2_labs/v2x_addon/spr22/AHB-RAM-32b/uvm/env/rkv_ahbram_pkg.sv ...
Skip (optimized) /opt/sv_pkgs/uvm/uvm_src/uvm-1.2/src/uvm_macros.svh ...
Loading (166) /home/liubin/project/rkv_labs/v2_labs/v2x_addon/spr22/AHB-RAM-32b/uvm/reg/rkv_ahbram_reg.sv ...
Done /home/liubin/project/rkv_labs/v2_labs/v2x_addon/spr22/AHB-RAM-32b/uvm/reg/rkv_ahbram_reg.sv [1 ms, 23 lines, SystemVerilog_2012] ...
Loading (167) /home/liubin/project/rkv_labs/v2_labs/v2x_addon/spr22/AHB-RAM-32b/uvm/cfg/rkv_ahbram_config.sv ...
Done /home/liubin/project/rkv_labs/v2_labs/v2x_addon/spr22/AHB-RAM-32b/uvm/cfg/rkv_ahbram_config.sv [1 ms, 32 lines, SystemVerilog_2012] ...
Loading (168) /home/liubin/project/rkv_labs/v2_labs/v2x_addon/spr22/AHB-RAM-32b/uvm/env/rkv_ahbram_reg_adapter.sv ...
Done /home/liubin/project/rkv_labs/v2_labs/v2x_addon/spr22/AHB-RAM-32b/uvm/env/rkv_ahbram_reg_adapter.sv [1 ms, 20 lines, SystemVerilog_2012] ...
Loading (169) /home/liubin/project/rkv_labs/v2_labs/v2x_addon/spr22/AHB-RAM-32b/uvm/env/rkv_ahbram_subscriber.sv ...
Done /home/liubin/project/rkv_labs/v2_labs/v2x_addon/spr22/AHB-RAM-32b/uvm/env/rkv_ahbram_subscriber.sv [1 ms, 52 lines, SystemVerilog_2012] ...
Loading (170) /home/liubin/project/rkv_labs/v2_labs/v2x_addon/spr22/AHB-RAM-32b/uvm/cov/rkv_ahbram_cov.sv ...
Done /home/liubin/project/rkv_labs/v2_labs/v2x_addon/spr22/AHB-RAM-32b/uvm/cov/rkv_ahbram_cov.sv [0 ms, 24 lines, SystemVerilog_2012] ...
Loading (171) /home/liubin/project/rkv_labs/v2_labs/v2x_addon/spr22/AHB-RAM-32b/uvm/env/rkv_ahbram_scoreboard.sv ...
Done /home/liubin/project/rkv_labs/v2_labs/v2x_addon/spr22/AHB-RAM-32b/uvm/env/rkv_ahbram_scoreboard.sv [1 ms, 33 lines, SystemVerilog_2012] ...
Loading (172) /home/liubin/project/rkv_labs/v2_labs/v2x_addon/spr22/AHB-RAM-32b/uvm/env/rkv_ahbram_virtual_sequencer.sv ...
Done /home/liubin/project/rkv_labs/v2_labs/v2x_addon/spr22/AHB-RAM-32b/uvm/env/rkv_ahbram_virtual_sequencer.sv [0 ms, 27 lines, SystemVerilog_2012] ...
Loading (173) /home/liubin/project/rkv_labs/v2_labs/v2x_addon/spr22/AHB-RAM-32b/uvm/env/rkv_ahbram_env.sv ...
Done /home/liubin/project/rkv_labs/v2_labs/v2x_addon/spr22/AHB-RAM-32b/uvm/env/rkv_ahbram_env.sv [3 ms, 79 lines, SystemVerilog_2012] ...
Loading (174) /home/liubin/project/rkv_labs/v2_labs/v2x_addon/spr22/AHB-RAM-32b/uvm/seq_lib/rkv_ahbram_seq_lib.svh ...
Loading (175) /home/liubin/project/rkv_labs/v2_labs/v2x_addon/spr22/AHB-RAM-32b/uvm/seq_lib/elem_seqs/rkv_ahbram_element_sequences.svh ...
Loading (176) /home/liubin/project/rkv_labs/v2_labs/v2x_addon/spr22/AHB-RAM-32b/uvm/seq_lib/elem_seqs/rkv_ahbram_base_element_sequence.sv ...
Done /home/liubin/project/rkv_labs/v2_labs/v2x_addon/spr22/AHB-RAM-32b/uvm/seq_lib/elem_seqs/rkv_ahbram_base_element_sequence.sv [2 ms, 41 lines, SystemVerilog_2012] ...
Loading (177) /home/liubin/project/rkv_labs/v2_labs/v2x_addon/spr22/AHB-RAM-32b/uvm/seq_lib/elem_seqs/rkv_ahbram_single_write_seq.sv ...
Done /home/liubin/project/rkv_labs/v2_labs/v2x_addon/spr22/AHB-RAM-32b/uvm/seq_lib/elem_seqs/rkv_ahbram_single_write_seq.sv [23 ms, 30 lines, SystemVerilog_2012] ...
Loading (178) /home/liubin/project/rkv_labs/v2_labs/v2x_addon/spr22/AHB-RAM-32b/uvm/seq_lib/elem_seqs/rkv_ahbram_single_read_seq.sv ...
Done /home/liubin/project/rkv_labs/v2_labs/v2x_addon/spr22/AHB-RAM-32b/uvm/seq_lib/elem_seqs/rkv_ahbram_single_read_seq.sv [2 ms, 31 lines, SystemVerilog_2012] ...
Done /home/liubin/project/rkv_labs/v2_labs/v2x_addon/spr22/AHB-RAM-32b/uvm/seq_lib/elem_seqs/rkv_ahbram_element_sequences.svh [0 ms, 12 lines, SystemVerilog_2012] ...
Loading (179) /home/liubin/project/rkv_labs/v2_labs/v2x_addon/spr22/AHB-RAM-32b/uvm/seq_lib/rkv_ahbram_base_virtual_sequence.sv ...
Done /home/liubin/project/rkv_labs/v2_labs/v2x_addon/spr22/AHB-RAM-32b/uvm/seq_lib/rkv_ahbram_base_virtual_sequence.sv [3 ms, 56 lines, SystemVerilog_2012] ...
Loading (180) /home/liubin/project/rkv_labs/v2_labs/v2x_addon/spr22/AHB-RAM-32b/uvm/seq_lib/rkv_ahbram_smoke_virt_seq.sv ...
Done /home/liubin/project/rkv_labs/v2_labs/v2x_addon/spr22/AHB-RAM-32b/uvm/seq_lib/rkv_ahbram_smoke_virt_seq.sv [3 ms, 32 lines, SystemVerilog_2012] ...
Done /home/liubin/project/rkv_labs/v2_labs/v2x_addon/spr22/AHB-RAM-32b/uvm/seq_lib/rkv_ahbram_seq_lib.svh [0 ms, 10 lines, SystemVerilog_2012] ...
Loading (181) /home/liubin/project/rkv_labs/v2_labs/v2x_addon/spr22/AHB-RAM-32b/uvm/test/rkv_ahbram_tests.svh ...
Loading (182) /home/liubin/project/rkv_labs/v2_labs/v2x_addon/spr22/AHB-RAM-32b/uvm/test/rkv_ahbram_base_test.sv ...
Done /home/liubin/project/rkv_labs/v2_labs/v2x_addon/spr22/AHB-RAM-32b/uvm/test/rkv_ahbram_base_test.sv [1 ms, 42 lines, SystemVerilog_2012] ...
Loading (183) /home/liubin/project/rkv_labs/v2_labs/v2x_addon/spr22/AHB-RAM-32b/uvm/test/rkv_ahbram_smoke_test.sv ...
Done /home/liubin/project/rkv_labs/v2_labs/v2x_addon/spr22/AHB-RAM-32b/uvm/test/rkv_ahbram_smoke_test.sv [1 ms, 27 lines, SystemVerilog_2012] ...
Done /home/liubin/project/rkv_labs/v2_labs/v2x_addon/spr22/AHB-RAM-32b/uvm/test/rkv_ahbram_tests.svh [0 ms, 9 lines, SystemVerilog_2012] ...
Done /home/liubin/project/rkv_labs/v2_labs/v2x_addon/spr22/AHB-RAM-32b/uvm/env/rkv_ahbram_pkg.sv [0 ms, 26 lines, SystemVerilog_2012] ...
Loading (184) /home/liubin/project/rkv_labs/v2_labs/v2x_addon/spr22/AHB-RAM-32b/uvm/tb/rkv_ahbram_if.sv ...
Done /home/liubin/project/rkv_labs/v2_labs/v2x_addon/spr22/AHB-RAM-32b/uvm/tb/rkv_ahbram_if.sv [0 ms, 25 lines, SystemVerilog_2012] ...
Loading (185) /home/liubin/project/rkv_labs/v2_labs/v2x_addon/spr22/AHB-RAM-32b/uvm/tb/rkv_ahbram_tb.sv ...
Skip (optimized) /opt/sv_pkgs/uvm/uvm_src/uvm-1.2/src/uvm_macros.svh ...
Done /home/liubin/project/rkv_labs/v2_labs/v2x_addon/spr22/AHB-RAM-32b/uvm/tb/rkv_ahbram_tb.sv [1 ms, 50 lines, SystemVerilog_2012] ...
*** Done parsing [LT 1032.0 ms, PT 1498.0 ms, SGT 12%, UGT 15%] ***
*** Total number of lines [77 400] ***
Performing post full build actions ...
Performing post full build step 1 (SRI) [0 ms] ...
Performing post full build step 2 (RI) [4 ms] ...
Performing post full build step 3 (RCP) [13 ms] ...
*** Done SystemVerilog build [1s.540ms] ***
*** Start mixed mode extension build ***
Performing mixed post full build step 1 (Verilog - RI) [3 ms] ...
Performing mixed post full build step 2 (Verilog - RC) [0 ms] ...
Performing mixed post full build step 3 (Verilog - RPC) [2 ms] ...
Performing mixed post full build step 4 (Verilog - RD) [20 ms] ...
Performing mixed post full build step 5 (Verilog - FSC) [504 ms] ...
Performing mixed post full build step 6 (Verilog - EV) [203 ms] ...
Performing mixed post full build step 7 (Verilog - US) [50 ms] ...
*** Error: UNDECLARED_IDENTIFIER: Identifier 'data' is not a member of 'ahb_single'
    at line 23 in /home/liubin/project/rkv_labs/v2_labs/v2x_addon/spr22/AHB-RAM-32b/uvm/seq_lib/elem_seqs/rkv_ahbram_single_read_seq.sv [compile index 180]
*** Error: UNDECLARED_IDENTIFIER: Identifier 'read' is not a member of 'ahb_single'
    at line 20 in /home/liubin/project/rkv_labs/v2_labs/v2x_addon/spr22/AHB-RAM-32b/uvm/seq_lib/elem_seqs/rkv_ahbram_single_read_seq.sv [compile index 180]
*** Error: UNDECLARED_IDENTIFIER: Identifier 'p_sequencer' is not declared
    at line 20 in /home/liubin/project/rkv_labs/v2_labs/v2x_addon/spr22/AHB-RAM-32b/uvm/seq_lib/elem_seqs/rkv_ahbram_single_read_seq.sv [compile index 180]
*** Error: UNDECLARED_IDENTIFIER: Identifier 'p_sequencer' is not declared
    at line 20 in /home/liubin/project/rkv_labs/v2_labs/v2x_addon/spr22/AHB-RAM-32b/uvm/seq_lib/elem_seqs/rkv_ahbram_single_write_seq.sv [compile index 179]
*** Done mixed mode extension build [890 ms] ***
*** Start adding/validating the DVT Auto-Linked resources ***
*** Done adding/validating the DVT Auto-Linked resources [7 ms] ***
*** Total build time [2s.441ms] ***
